2015-05-25 11:02:42,562 INFO  [SoapUI] Adding [C:\Users\VUDAN\spring\wsdl-checker\ext\activation-1.1.jar] to extensions classpath
2015-05-25 11:02:42,562 INFO  [SoapUI] Adding [C:\Users\VUDAN\spring\wsdl-checker\ext\analytics-core-5.1.3-os.jar] to extensions classpath
2015-05-25 11:02:42,563 INFO  [SoapUI] Adding [C:\Users\VUDAN\spring\wsdl-checker\ext\bcprov-jdk15-144.jar] to extensions classpath
2015-05-25 11:02:42,563 INFO  [SoapUI] Adding [C:\Users\VUDAN\spring\wsdl-checker\ext\binding-2.0.1.jar] to extensions classpath
2015-05-25 11:02:42,563 INFO  [SoapUI] Adding [C:\Users\VUDAN\spring\wsdl-checker\ext\cajo-1.142.jar] to extensions classpath
2015-05-25 11:02:42,563 INFO  [SoapUI] Adding [C:\Users\VUDAN\spring\wsdl-checker\ext\commons-beanutils-1.7.0.jar] to extensions classpath
2015-05-25 11:02:42,563 INFO  [SoapUI] Adding [C:\Users\VUDAN\spring\wsdl-checker\ext\commons-cli-1.2.jar] to extensions classpath
2015-05-25 11:02:42,563 INFO  [SoapUI] Adding [C:\Users\VUDAN\spring\wsdl-checker\ext\commons-codec-1.3.jar] to extensions classpath
2015-05-25 11:02:42,564 INFO  [SoapUI] Adding [C:\Users\VUDAN\spring\wsdl-checker\ext\commons-collections-3.2.1.jar] to extensions classpath
2015-05-25 11:02:42,564 INFO  [SoapUI] Adding [C:\Users\VUDAN\spring\wsdl-checker\ext\commons-httpclient-3.1.jar] to extensions classpath
2015-05-25 11:02:42,564 INFO  [SoapUI] Adding [C:\Users\VUDAN\spring\wsdl-checker\ext\commons-io-2.4.jar] to extensions classpath
2015-05-25 11:02:42,564 INFO  [SoapUI] Adding [C:\Users\VUDAN\spring\wsdl-checker\ext\commons-lang-2.4.jar] to extensions classpath
2015-05-25 11:02:42,564 INFO  [SoapUI] Adding [C:\Users\VUDAN\spring\wsdl-checker\ext\commons-logging-1.1.1.jar] to extensions classpath
2015-05-25 11:02:42,564 INFO  [SoapUI] Adding [C:\Users\VUDAN\spring\wsdl-checker\ext\cssparser-0.9.5.jar] to extensions classpath
2015-05-25 11:02:42,565 INFO  [SoapUI] Adding [C:\Users\VUDAN\spring\wsdl-checker\ext\dom4j-1.6.1.jar] to extensions classpath
2015-05-25 11:02:42,565 INFO  [SoapUI] Adding [C:\Users\VUDAN\spring\wsdl-checker\ext\ezmorph-1.0.5.jar] to extensions classpath
2015-05-25 11:02:42,565 INFO  [SoapUI] Adding [C:\Users\VUDAN\spring\wsdl-checker\ext\flex-messaging-common-1.0.jar] to extensions classpath
2015-05-25 11:02:42,565 INFO  [SoapUI] Adding [C:\Users\VUDAN\spring\wsdl-checker\ext\flex-messaging-core-1.0.jar] to extensions classpath
2015-05-25 11:02:42,565 INFO  [SoapUI] Adding [C:\Users\VUDAN\spring\wsdl-checker\ext\flex-messaging-opt-1.0.jar] to extensions classpath
2015-05-25 11:02:42,565 INFO  [SoapUI] Adding [C:\Users\VUDAN\spring\wsdl-checker\ext\flex-messaging-proxy-1.0.jar] to extensions classpath
2015-05-25 11:02:42,565 INFO  [SoapUI] Adding [C:\Users\VUDAN\spring\wsdl-checker\ext\flex-messaging-remoting-1.0.jar] to extensions classpath
2015-05-25 11:02:42,565 INFO  [SoapUI] Adding [C:\Users\VUDAN\spring\wsdl-checker\ext\forms-1.0.7.jar] to extensions classpath
2015-05-25 11:02:42,566 INFO  [SoapUI] Adding [C:\Users\VUDAN\spring\wsdl-checker\ext\groovy-all-2.1.7.jar] to extensions classpath
2015-05-25 11:02:42,566 INFO  [SoapUI] Adding [C:\Users\VUDAN\spring\wsdl-checker\ext\guava-14.0.jar] to extensions classpath
2015-05-25 11:02:42,566 INFO  [SoapUI] Adding [C:\Users\VUDAN\spring\wsdl-checker\ext\hamcrest-core-1.3.jar] to extensions classpath
2015-05-25 11:02:42,566 INFO  [SoapUI] Adding [C:\Users\VUDAN\spring\wsdl-checker\ext\hermes-1.14.jar] to extensions classpath
2015-05-25 11:02:42,566 INFO  [SoapUI] Adding [C:\Users\VUDAN\spring\wsdl-checker\ext\htmlunit-2.7.jar] to extensions classpath
2015-05-25 11:02:42,566 INFO  [SoapUI] Adding [C:\Users\VUDAN\spring\wsdl-checker\ext\htmlunit-core-js-2.7.jar] to extensions classpath
2015-05-25 11:02:42,566 INFO  [SoapUI] Adding [C:\Users\VUDAN\spring\wsdl-checker\ext\httpclient-4.1.1.jar] to extensions classpath
2015-05-25 11:02:42,566 INFO  [SoapUI] Adding [C:\Users\VUDAN\spring\wsdl-checker\ext\httpclient-cache-4.1.1.jar] to extensions classpath
2015-05-25 11:02:42,567 INFO  [SoapUI] Adding [C:\Users\VUDAN\spring\wsdl-checker\ext\httpcore-4.1.1.jar] to extensions classpath
2015-05-25 11:02:42,567 INFO  [SoapUI] Adding [C:\Users\VUDAN\spring\wsdl-checker\ext\httpcore-nio-4.1.1.jar] to extensions classpath
2015-05-25 11:02:42,567 INFO  [SoapUI] Adding [C:\Users\VUDAN\spring\wsdl-checker\ext\httpmime-4.1.1.jar] to extensions classpath
2015-05-25 11:02:42,567 INFO  [SoapUI] Adding [C:\Users\VUDAN\spring\wsdl-checker\ext\i4jruntime-5.1.14.jar] to extensions classpath
2015-05-25 11:02:42,567 INFO  [SoapUI] Adding [C:\Users\VUDAN\spring\wsdl-checker\ext\jaxen-1.1-beta-8.jar] to extensions classpath
2015-05-25 11:02:42,567 INFO  [SoapUI] Adding [C:\Users\VUDAN\spring\wsdl-checker\ext\jcifs-1.2.9.jar] to extensions classpath
2015-05-25 11:02:42,567 INFO  [SoapUI] Adding [C:\Users\VUDAN\spring\wsdl-checker\ext\jdom-1.0.jar] to extensions classpath
2015-05-25 11:02:42,567 INFO  [SoapUI] Adding [C:\Users\VUDAN\spring\wsdl-checker\ext\jettison-1.2.jar] to extensions classpath
2015-05-25 11:02:42,568 INFO  [SoapUI] Adding [C:\Users\VUDAN\spring\wsdl-checker\ext\jetty-6.1.26.jar] to extensions classpath
2015-05-25 11:02:42,568 INFO  [SoapUI] Adding [C:\Users\VUDAN\spring\wsdl-checker\ext\jetty-util-6.1.26.jar] to extensions classpath
2015-05-25 11:02:42,568 INFO  [SoapUI] Adding [C:\Users\VUDAN\spring\wsdl-checker\ext\jfxrt.jar] to extensions classpath
2015-05-25 11:02:42,568 INFO  [SoapUI] Adding [C:\Users\VUDAN\spring\wsdl-checker\ext\jms-1.1.jar] to extensions classpath
2015-05-25 11:02:42,568 INFO  [SoapUI] Adding [C:\Users\VUDAN\spring\wsdl-checker\ext\joda-time-1.6.2.jar] to extensions classpath
2015-05-25 11:02:42,568 INFO  [SoapUI] Adding [C:\Users\VUDAN\spring\wsdl-checker\ext\js-1.7R2.jar] to extensions classpath
2015-05-25 11:02:42,568 INFO  [SoapUI] Adding [C:\Users\VUDAN\spring\wsdl-checker\ext\json-lib-2.2.2-jdk15.jar] to extensions classpath
2015-05-25 11:02:42,568 INFO  [SoapUI] Adding [C:\Users\VUDAN\spring\wsdl-checker\ext\json-path-0.9.1.jar] to extensions classpath
2015-05-25 11:02:42,568 INFO  [SoapUI] Adding [C:\Users\VUDAN\spring\wsdl-checker\ext\json-smart-1.2.jar] to extensions classpath
2015-05-25 11:02:42,569 INFO  [SoapUI] Adding [C:\Users\VUDAN\spring\wsdl-checker\ext\jsr173_api-1.0.jar] to extensions classpath
2015-05-25 11:02:42,569 INFO  [SoapUI] Adding [C:\Users\VUDAN\spring\wsdl-checker\ext\jtidy-r872-jdk15.jar] to extensions classpath
2015-05-25 11:02:42,569 INFO  [SoapUI] Adding [C:\Users\VUDAN\spring\wsdl-checker\ext\junit-4.11.jar] to extensions classpath
2015-05-25 11:02:42,569 INFO  [SoapUI] Adding [C:\Users\VUDAN\spring\wsdl-checker\ext\l2fprod-common-directorychooser-7.3.jar] to extensions classpath
2015-05-25 11:02:42,569 INFO  [SoapUI] Adding [C:\Users\VUDAN\spring\wsdl-checker\ext\l2fprod-common-fontchooser-7.3.jar] to extensions classpath
2015-05-25 11:02:42,569 INFO  [SoapUI] Adding [C:\Users\VUDAN\spring\wsdl-checker\ext\log4j-1.2.14.jar] to extensions classpath
2015-05-25 11:02:42,569 INFO  [SoapUI] Adding [C:\Users\VUDAN\spring\wsdl-checker\ext\looks-2.2.0.jar] to extensions classpath
2015-05-25 11:02:42,569 INFO  [SoapUI] Adding [C:\Users\VUDAN\spring\wsdl-checker\ext\mail-1.4.jar] to extensions classpath
2015-05-25 11:02:42,569 INFO  [SoapUI] Adding [C:\Users\VUDAN\spring\wsdl-checker\ext\maven-plugin-api-2.0.jar] to extensions classpath
2015-05-25 11:02:42,570 INFO  [SoapUI] Adding [C:\Users\VUDAN\spring\wsdl-checker\ext\nekohtml-1.9.14.jar] to extensions classpath
2015-05-25 11:02:42,570 INFO  [SoapUI] Adding [C:\Users\VUDAN\spring\wsdl-checker\ext\not-yet-commons-ssl-0.3.11.jar] to extensions classpath
2015-05-25 11:02:42,570 INFO  [SoapUI] Adding [C:\Users\VUDAN\spring\wsdl-checker\ext\opensaml-2.5.1-1.jar] to extensions classpath
2015-05-25 11:02:42,570 INFO  [SoapUI] Adding [C:\Users\VUDAN\spring\wsdl-checker\ext\openws-1.4.2-1.jar] to extensions classpath
2015-05-25 11:02:42,570 INFO  [SoapUI] Adding [C:\Users\VUDAN\spring\wsdl-checker\ext\org.apache.oltu.oauth2.client-0.31.jar] to extensions classpath
2015-05-25 11:02:42,570 INFO  [SoapUI] Adding [C:\Users\VUDAN\spring\wsdl-checker\ext\org.apache.oltu.oauth2.common-0.31.jar] to extensions classpath
2015-05-25 11:02:42,570 INFO  [SoapUI] Adding [C:\Users\VUDAN\spring\wsdl-checker\ext\org.apache.oltu.oauth2.httpclient4-0.31.jar] to extensions classpath
2015-05-25 11:02:42,570 INFO  [SoapUI] Adding [C:\Users\VUDAN\spring\wsdl-checker\ext\out-app-analytics-provider-5.1.3-os.jar] to extensions classpath
2015-05-25 11:02:42,570 INFO  [SoapUI] Adding [C:\Users\VUDAN\spring\wsdl-checker\ext\proxy-vole-20131209.jar] to extensions classpath
2015-05-25 11:02:42,571 INFO  [SoapUI] Adding [C:\Users\VUDAN\spring\wsdl-checker\ext\rsyntaxtextarea-2.5.0.jar] to extensions classpath
2015-05-25 11:02:42,571 INFO  [SoapUI] Adding [C:\Users\VUDAN\spring\wsdl-checker\ext\sac-1.3.jar] to extensions classpath
2015-05-25 11:02:42,571 INFO  [SoapUI] Adding [C:\Users\VUDAN\spring\wsdl-checker\ext\saxon-9.1.0.8j.jar] to extensions classpath
2015-05-25 11:02:42,571 INFO  [SoapUI] Adding [C:\Users\VUDAN\spring\wsdl-checker\ext\saxon-dom-9.1.0.8j.jar] to extensions classpath
2015-05-25 11:02:42,571 INFO  [SoapUI] Adding [C:\Users\VUDAN\spring\wsdl-checker\ext\serializer-2.7.1.jar] to extensions classpath
2015-05-25 11:02:42,571 INFO  [SoapUI] Adding [C:\Users\VUDAN\spring\wsdl-checker\ext\servlet-api-2.5-20081211.jar] to extensions classpath
2015-05-25 11:02:42,571 INFO  [SoapUI] Adding [C:\Users\VUDAN\spring\wsdl-checker\ext\slf4j-api-1.6.1.jar] to extensions classpath
2015-05-25 11:02:42,571 INFO  [SoapUI] Adding [C:\Users\VUDAN\spring\wsdl-checker\ext\soapui-5.1.3.jar] to extensions classpath
2015-05-25 11:02:42,571 INFO  [SoapUI] Adding [C:\Users\VUDAN\spring\wsdl-checker\ext\swingx-soapui.jar] to extensions classpath
2015-05-25 11:02:42,572 INFO  [SoapUI] Adding [C:\Users\VUDAN\spring\wsdl-checker\ext\ws-commons-util-1.0.2.jar] to extensions classpath
2015-05-25 11:02:42,572 INFO  [SoapUI] Adding [C:\Users\VUDAN\spring\wsdl-checker\ext\wsdl4j-1.6.2-fixed.jar] to extensions classpath
2015-05-25 11:02:42,572 INFO  [SoapUI] Adding [C:\Users\VUDAN\spring\wsdl-checker\ext\wss4j-1.6.16.jar] to extensions classpath
2015-05-25 11:02:42,572 INFO  [SoapUI] Adding [C:\Users\VUDAN\spring\wsdl-checker\ext\xalan-2.7.1.jar] to extensions classpath
2015-05-25 11:02:42,572 INFO  [SoapUI] Adding [C:\Users\VUDAN\spring\wsdl-checker\ext\xbean-fixed-2.4.0.jar] to extensions classpath
2015-05-25 11:02:42,572 INFO  [SoapUI] Adding [C:\Users\VUDAN\spring\wsdl-checker\ext\xbean_xpath-2.4.0.jar] to extensions classpath
2015-05-25 11:02:42,572 INFO  [SoapUI] Adding [C:\Users\VUDAN\spring\wsdl-checker\ext\xercesImpl-2.9.1.jar] to extensions classpath
2015-05-25 11:02:42,572 INFO  [SoapUI] Adding [C:\Users\VUDAN\spring\wsdl-checker\ext\xml-apis-1.3.04.jar] to extensions classpath
2015-05-25 11:02:42,572 INFO  [SoapUI] Adding [C:\Users\VUDAN\spring\wsdl-checker\ext\xml-apis-2.9.1.jar] to extensions classpath
2015-05-25 11:02:42,573 INFO  [SoapUI] Adding [C:\Users\VUDAN\spring\wsdl-checker\ext\xmlParserAPIs-2.6.2.jar] to extensions classpath
2015-05-25 11:02:42,573 INFO  [SoapUI] Adding [C:\Users\VUDAN\spring\wsdl-checker\ext\xmlpublic-2.4.0.jar] to extensions classpath
2015-05-25 11:02:42,573 INFO  [SoapUI] Adding [C:\Users\VUDAN\spring\wsdl-checker\ext\xmlsec-1.4.5.jar] to extensions classpath
2015-05-25 11:02:42,573 INFO  [SoapUI] Adding [C:\Users\VUDAN\spring\wsdl-checker\ext\xmltooling-1.3.2-1.jar] to extensions classpath
2015-05-25 11:02:42,573 INFO  [SoapUI] Adding [C:\Users\VUDAN\spring\wsdl-checker\ext\xmlunit-1.2.jar] to extensions classpath
2015-05-25 11:02:42,573 INFO  [SoapUI] Adding [C:\Users\VUDAN\spring\wsdl-checker\ext\xom-1.1.jar] to extensions classpath
2015-05-25 11:02:42,573 INFO  [SoapUI] Adding [C:\Users\VUDAN\spring\wsdl-checker\ext\xstream-1.3.1.jar] to extensions classpath
2015-05-25 11:02:42,811 INFO  [DefaultSoapUICore] initialized soapui-settings from [C:\Users\VUDAN\soapui-settings.xml]
2015-05-25 11:02:43,591 INFO  [WsdlProject] Loaded project from [file:/C:/Users/VUDAN/spring/wsdl-checker/ServiceUptime-soapui-project.xml]
